<?xml version="1.0" encoding="UTF-8"?>
<!-- Generated by org.testng.reporters.JUnitXMLReporter -->
<testsuite hostname="GGKU4MPC90" name="Default test" tests="3" failures="0" timestamp="25 Apr 2019 09:21:36 GMT" time="87.796" errors="0">
  <testcase name="patientRegistration" time="13.373" classname="tests.CurisHealth"/>
  <testcase name="doctorAppointment" time="10.739" classname="tests.CurisHealth"/>
  <testcase name="billingDeposit" time="46.966" classname="tests.CurisHealth"/>
</testsuite> <!-- Default test -->
