<?xml version="1.0" encoding="UTF-8"?>
<!-- Generated by org.testng.reporters.JUnitXMLReporter -->
<testsuite hostname="GGKU4MPC90" name="Test" tests="3" failures="0" timestamp="25 Apr 2019 09:17:26 GMT" time="116.822" errors="0">
  <testcase name="patientRegistration" time="14.483" classname="tests.CurisHealth"/>
  <testcase name="doctorAppointment" time="10.14" classname="tests.CurisHealth"/>
  <testcase name="billingDeposit" time="74.802" classname="tests.CurisHealth"/>
</testsuite> <!-- Test -->
