<?xml version="1.0" encoding="UTF-8"?>
<testng-results skipped="0" failed="0" ignored="0" total="1" passed="1">
  <reporter-output>
  </reporter-output>
  <suite name="Surefire suite" duration-ms="50" started-at="2019-03-20T11:38:16 IST" finished-at="2019-03-20T11:38:16 IST">
    <groups>
    </groups>
    <test name="Surefire test" duration-ms="50" started-at="2019-03-20T11:38:16 IST" finished-at="2019-03-20T11:38:16 IST">
      <class name="MyMavenProject.sample.AppTest">
        <test-method status="PASS" signature="shouldAnswerWithTrue()" name="shouldAnswerWithTrue" duration-ms="4" started-at="2019-03-20T11:38:16 IST" finished-at="2019-03-20T11:38:16 IST">
          <reporter-output>
          </reporter-output>
        </test-method> <!-- shouldAnswerWithTrue -->
      </class> <!-- MyMavenProject.sample.AppTest -->
    </test> <!-- Surefire test -->
  </suite> <!-- Surefire suite -->
</testng-results>
