<?xml version="1.0" encoding="UTF-8"?>
<!-- Generated by org.testng.reporters.JUnitXMLReporter -->
<testsuite hostname="GGKU4MPC90" name="flipkart" tests="3" failures="0" timestamp="24 Apr 2019 13:42:46 GMT" time="49.279" errors="0">
  <testcase name="patientRegistration" time="9.645" classname="tests.FirstScenario"/>
  <testcase name="doctorAppointment" time="5.557" classname="tests.FirstScenario"/>
  <testcase name="billingDeposit" time="17.673" classname="tests.FirstScenario"/>
</testsuite> <!-- flipkart -->
